 INFO: Loading to extent 'file:/C:/Users/FISCHE~1/AppData/Local/Temp/org.argouml.profile.TestReaderModelLoader/testSaveProfileModel.xmi 94' UmlPackage$Impl  ID: -64--88-0-101-1260ab42:1703af56478:-8000:000000000013827B  MID: -64--88-0-101-1260ab42:1703af56478:-8000:00000000000002E7  OPCKG: -64--88-0-101-1260ab42:1703af56478:-8000:000000000013827B (XmiReaderImpl.java:172)
 INFO: Loading to extent 'file:/C:/Users/FISCHE~1/AppData/Local/Temp/org.argouml.profile.TestReaderModelLoader/testSaveProfileModel.xmi 95' UmlPackage$Impl  ID: -64--88-0-101-1260ab42:1703af56478:-8000:000000000013EA5F  MID: -64--88-0-101-1260ab42:1703af56478:-8000:00000000000002E7  OPCKG: -64--88-0-101-1260ab42:1703af56478:-8000:000000000013EA5F (XmiReaderImpl.java:172)
 INFO: Loading to extent 'file:/C:/Users/FISCHE~1/AppData/Local/Temp/org.argouml.profile.TestReaderModelLoader/testSaveProfileModel.xmi 96' UmlPackage$Impl  ID: -64--88-0-101-1260ab42:1703af56478:-8000:0000000000145355  MID: -64--88-0-101-1260ab42:1703af56478:-8000:00000000000002E7  OPCKG: -64--88-0-101-1260ab42:1703af56478:-8000:0000000000145355 (XmiReaderImpl.java:172)
 INFO: Loading to extent 'file:/C:/Users/FISCHE~1/AppData/Local/Temp/org.argouml.profile.TestReaderModelLoader/testSaveProfileModel.xmi 97' UmlPackage$Impl  ID: -64--88-0-101-1260ab42:1703af56478:-8000:000000000014BD5D  MID: -64--88-0-101-1260ab42:1703af56478:-8000:00000000000002E7  OPCKG: -64--88-0-101-1260ab42:1703af56478:-8000:000000000014BD5D (XmiReaderImpl.java:172)
 INFO: Loading to extent 'file:/C:/Users/FISCHE~1/AppData/Local/Temp/org.argouml.profile.TestReaderModelLoader/testSaveProfileModel.xmi 98' UmlPackage$Impl  ID: -64--88-0-101-1260ab42:1703af56478:-8000:0000000000152877  MID: -64--88-0-101-1260ab42:1703af56478:-8000:00000000000002E7  OPCKG: -64--88-0-101-1260ab42:1703af56478:-8000:0000000000152877 (XmiReaderImpl.java:172)
 INFO: Loading to extent 'file:/C:/Users/FISCHE~1/AppData/Local/Temp/org.argouml.profile.TestReaderModelLoader/testSaveProfileModel.xmi 99' UmlPackage$Impl  ID: -64--88-0-101-1260ab42:1703af56478:-8000:00000000001594A3  MID: -64--88-0-101-1260ab42:1703af56478:-8000:00000000000002E7  OPCKG: -64--88-0-101-1260ab42:1703af56478:-8000:00000000001594A3 (XmiReaderImpl.java:172)
 INFO: Loading to extent 'file:/C:/Users/FISCHE~1/AppData/Local/Temp/org.argouml.profile.TestReaderModelLoader/testSaveProfileModel.xmi 100' UmlPackage$Impl  ID: -64--88-0-101-1260ab42:1703af56478:-8000:00000000001601E1  MID: -64--88-0-101-1260ab42:1703af56478:-8000:00000000000002E7  OPCKG: -64--88-0-101-1260ab42:1703af56478:-8000:00000000001601E1 (XmiReaderImpl.java:172)
 INFO: Loading to extent 'file:/C:/Users/FISCHE~1/AppData/Local/Temp/org.argouml.profile.TestReaderModelLoader/testSaveProfileModel.xmi 101' UmlPackage$Impl  ID: -64--88-0-101-1260ab42:1703af56478:-8000:0000000000167031  MID: -64--88-0-101-1260ab42:1703af56478:-8000:00000000000002E7  OPCKG: -64--88-0-101-1260ab42:1703af56478:-8000:0000000000167031 (XmiReaderImpl.java:172)
 INFO: Loading to extent 'file:/C:/Users/FISCHE~1/AppData/Local/Temp/org.argouml.profile.TestReaderModelLoader/testSaveProfileModel.xmi 102' UmlPackage$Impl  ID: -64--88-0-101-1260ab42:1703af56478:-8000:000000000016DF93  MID: -64--88-0-101-1260ab42:1703af56478:-8000:00000000000002E7  OPCKG: -64--88-0-101-1260ab42:1703af56478:-8000:000000000016DF93 (XmiReaderImpl.java:172)
 INFO: Loading to extent 'file:/C:/Users/FISCHE~1/AppData/Local/Temp/org.argouml.profile.TestReaderModelLoader/testSaveProfileModel.xmi 103' UmlPackage$Impl  ID: -64--88-0-101-1260ab42:1703af56478:-8000:0000000000175007  MID: -64--88-0-101-1260ab42:1703af56478:-8000:00000000000002E7  OPCKG: -64--88-0-101-1260ab42:1703af56478:-8000:0000000000175007 (XmiReaderImpl.java:172)
 INFO: Loading to extent 'file:/C:/Users/FISCHE~1/AppData/Local/Temp/org.argouml.profile.TestReaderModelLoader/testSaveProfileModel.xmi 104' UmlPackage$Impl  ID: -64--88-0-101-1260ab42:1703af56478:-8000:000000000017C18D  MID: -64--88-0-101-1260ab42:1703af56478:-8000:00000000000002E7  OPCKG: -64--88-0-101-1260ab42:1703af56478:-8000:000000000017C18D (XmiReaderImpl.java:172)
 INFO: Loading to extent 'file:/C:/Users/FISCHE~1/AppData/Local/Temp/org.argouml.profile.TestReaderModelLoader/testSaveProfileModel.xmi 105' UmlPackage$Impl  ID: -64--88-0-101-1260ab42:1703af56478:-8000:0000000000183425  MID: -64--88-0-101-1260ab42:1703af56478:-8000:00000000000002E7  OPCKG: -64--88-0-101-1260ab42:1703af56478:-8000:0000000000183425 (XmiReaderImpl.java:172)
 INFO: Loading to extent 'file:/C:/Users/FISCHE~1/AppData/Local/Temp/org.argouml.profile.TestReaderModelLoader/testSaveProfileModel.xmi 106' UmlPackage$Impl  ID: -64--88-0-101-1260ab42:1703af56478:-8000:000000000018A7CF  MID: -64--88-0-101-1260ab42:1703af56478:-8000:00000000000002E7  OPCKG: -64--88-0-101-1260ab42:1703af56478:-8000:000000000018A7CF (XmiReaderImpl.java:172)
 INFO: Loading to extent 'file:/C:/Users/FISCHE~1/AppData/Local/Temp/org.argouml.profile.TestReaderModelLoader/testSaveProfileModel.xmi 107' UmlPackage$Impl  ID: -64--88-0-101-1260ab42:1703af56478:-8000:0000000000191C8B  MID: -64--88-0-101-1260ab42:1703af56478:-8000:00000000000002E7  OPCKG: -64--88-0-101-1260ab42:1703af56478:-8000:0000000000191C8B (XmiReaderImpl.java:172)
 INFO: Loading to extent 'file:/C:/Users/FISCHE~1/AppData/Local/Temp/org.argouml.profile.TestReaderModelLoader/testSaveProfileModel.xmi 108' UmlPackage$Impl  ID: -64--88-0-101-1260ab42:1703af56478:-8000:0000000000199259  MID: -64--88-0-101-1260ab42:1703af56478:-8000:00000000000002E7  OPCKG: -64--88-0-101-1260ab42:1703af56478:-8000:0000000000199259 (XmiReaderImpl.java:172)
 INFO: Loading to extent 'file:/C:/Users/FISCHE~1/AppData/Local/Temp/org.argouml.profile.TestReaderModelLoader/testSaveProfileModel.xmi 109' UmlPackage$Impl  ID: -64--88-0-101-1260ab42:1703af56478:-8000:00000000001A0939  MID: -64--88-0-101-1260ab42:1703af56478:-8000:00000000000002E7  OPCKG: -64--88-0-101-1260ab42:1703af56478:-8000:00000000001A0939 (XmiReaderImpl.java:172)
 INFO: Loading to extent 'file:/C:/Users/FISCHE~1/AppData/Local/Temp/org.argouml.profile.TestReaderModelLoader/testSaveProfileModel.xmi 110' UmlPackage$Impl  ID: -64--88-0-101-1260ab42:1703af56478:-8000:00000000001A812B  MID: -64--88-0-101-1260ab42:1703af56478:-8000:00000000000002E7  OPCKG: -64--88-0-101-1260ab42:1703af56478:-8000:00000000001A812B (XmiReaderImpl.java:172)
 INFO: Loading to extent 'file:/C:/Users/FISCHE~1/AppData/Local/Temp/org.argouml.profile.TestReaderModelLoader/testSaveProfileModel.xmi 111' UmlPackage$Impl  ID: -64--88-0-101-1260ab42:1703af56478:-8000:00000000001AFA2F  MID: -64--88-0-101-1260ab42:1703af56478:-8000:00000000000002E7  OPCKG: -64--88-0-101-1260ab42:1703af56478:-8000:00000000001AFA2F (XmiReaderImpl.java:172)
 INFO: Loading to extent 'file:/C:/Users/FISCHE~1/AppData/Local/Temp/org.argouml.profile.TestReaderModelLoader/testSaveProfileModel.xmi 112' UmlPackage$Impl  ID: -64--88-0-101-1260ab42:1703af56478:-8000:00000000001B7445  MID: -64--88-0-101-1260ab42:1703af56478:-8000:00000000000002E7  OPCKG: -64--88-0-101-1260ab42:1703af56478:-8000:00000000001B7445 (XmiReaderImpl.java:172)
 INFO: Loading to extent 'file:/C:/Users/FISCHE~1/AppData/Local/Temp/org.argouml.profile.TestReaderModelLoader/testSaveProfileModel.xmi 113' UmlPackage$Impl  ID: -64--88-0-101-1260ab42:1703af56478:-8000:00000000001BEF6D  MID: -64--88-0-101-1260ab42:1703af56478:-8000:00000000000002E7  OPCKG: -64--88-0-101-1260ab42:1703af56478:-8000:00000000001BEF6D (XmiReaderImpl.java:172)
 INFO: Loading to extent 'file:/C:/Users/FISCHE~1/AppData/Local/Temp/org.argouml.profile.TestReaderModelLoader/testSaveProfileModel.xmi 114' UmlPackage$Impl  ID: -64--88-0-101-1260ab42:1703af56478:-8000:00000000001C6BA7  MID: -64--88-0-101-1260ab42:1703af56478:-8000:00000000000002E7  OPCKG: -64--88-0-101-1260ab42:1703af56478:-8000:00000000001C6BA7 (XmiReaderImpl.java:172)
 INFO: Loading to extent 'file:/C:/Users/FISCHE~1/AppData/Local/Temp/org.argouml.profile.TestReaderModelLoader/testSaveProfileModel.xmi 115' UmlPackage$Impl  ID: -64--88-0-101-1260ab42:1703af56478:-8000:00000000001CE8F3  MID: -64--88-0-101-1260ab42:1703af56478:-8000:00000000000002E7  OPCKG: -64--88-0-101-1260ab42:1703af56478:-8000:00000000001CE8F3 (XmiReaderImpl.java:172)
 INFO: Loading to extent 'file:/C:/Users/FISCHE~1/AppData/Local/Temp/org.argouml.profile.TestReaderModelLoader/testSaveProfileModel.xmi 116' UmlPackage$Impl  ID: -64--88-0-101-1260ab42:1703af56478:-8000:00000000001D6751  MID: -64--88-0-101-1260ab42:1703af56478:-8000:00000000000002E7  OPCKG: -64--88-0-101-1260ab42:1703af56478:-8000:00000000001D6751 (XmiReaderImpl.java:172)
 INFO: Loading to extent 'file:/C:/Users/FISCHE~1/AppData/Local/Temp/org.argouml.profile.TestReaderModelLoader/testSaveProfileModel.xmi 117' UmlPackage$Impl  ID: -64--88-0-101-1260ab42:1703af56478:-8000:00000000001DE6C1  MID: -64--88-0-101-1260ab42:1703af56478:-8000:00000000000002E7  OPCKG: -64--88-0-101-1260ab42:1703af56478:-8000:00000000001DE6C1 (XmiReaderImpl.java:172)
 INFO: Loading to extent 'file:/C:/Users/FISCHE~1/AppData/Local/Temp/org.argouml.profile.TestReaderModelLoader/testSaveProfileModel.xmi 118' UmlPackage$Impl  ID: -64--88-0-101-1260ab42:1703af56478:-8000:00000000001E6743  MID: -64--88-0-101-1260ab42:1703af56478:-8000:00000000000002E7  OPCKG: -64--88-0-101-1260ab42:1703af56478:-8000:00000000001E6743 (XmiReaderImpl.java:172)
 INFO: Loading to extent 'file:/C:/Users/FISCHE~1/AppData/Local/Temp/org.argouml.profile.TestReaderModelLoader/testSaveProfileModel.xmi 119' UmlPackage$Impl  ID: -64--88-0-101-1260ab42:1703af56478:-8000:00000000001EE8D7  MID: -64--88-0-101-1260ab42:1703af56478:-8000:00000000000002E7  OPCKG: -64--88-0-101-1260ab42:1703af56478:-8000:00000000001EE8D7 (XmiReaderImpl.java:172)
 INFO: Loading to extent 'file:/C:/Users/FISCHE~1/AppData/Local/Temp/org.argouml.profile.TestReaderModelLoader/testSaveProfileModel.xmi 120' UmlPackage$Impl  ID: -64--88-0-101-1260ab42:1703af56478:-8000:00000000001F6B7D  MID: -64--88-0-101-1260ab42:1703af56478:-8000:00000000000002E7  OPCKG: -64--88-0-101-1260ab42:1703af56478:-8000:00000000001F6B7D (XmiReaderImpl.java:172)
 INFO: Loading to extent 'file:/C:/Users/FISCHE~1/AppData/Local/Temp/org.argouml.profile.TestReaderModelLoader/testSaveProfileModel.xmi 121' UmlPackage$Impl  ID: -64--88-0-101-1260ab42:1703af56478:-8000:00000000001FEF35  MID: -64--88-0-101-1260ab42:1703af56478:-8000:00000000000002E7  OPCKG: -64--88-0-101-1260ab42:1703af56478:-8000:00000000001FEF35 (XmiReaderImpl.java:172)
 INFO: Loading to extent 'file:/C:/Users/FISCHE~1/AppData/Local/Temp/org.argouml.profile.TestReaderModelLoader/testSaveProfileModel.xmi 122' UmlPackage$Impl  ID: -64--88-0-101-1260ab42:1703af56478:-8000:00000000002073FF  MID: -64--88-0-101-1260ab42:1703af56478:-8000:00000000000002E7  OPCKG: -64--88-0-101-1260ab42:1703af56478:-8000:00000000002073FF (XmiReaderImpl.java:172)
 INFO: Loading to extent 'file:/C:/Users/FISCHE~1/AppData/Local/Temp/org.argouml.profile.TestReaderModelLoader/testSaveProfileModel.xmi 123' UmlPackage$Impl  ID: -64--88-0-101-1260ab42:1703af56478:-8000:000000000020F9DB  MID: -64--88-0-101-1260ab42:1703af56478:-8000:00000000000002E7  OPCKG: -64--88-0-101-1260ab42:1703af56478:-8000:000000000020F9DB (XmiReaderImpl.java:172)
 INFO: Loading to extent 'file:/C:/Users/FISCHE~1/AppData/Local/Temp/org.argouml.profile.TestReaderModelLoader/testSaveProfileModel.xmi 124' UmlPackage$Impl  ID: -64--88-0-101-1260ab42:1703af56478:-8000:00000000002180C9  MID: -64--88-0-101-1260ab42:1703af56478:-8000:00000000000002E7  OPCKG: -64--88-0-101-1260ab42:1703af56478:-8000:00000000002180C9 (XmiReaderImpl.java:172)
 INFO: Loading to extent 'file:/C:/Users/FISCHE~1/AppData/Local/Temp/org.argouml.profile.TestReaderModelLoader/testSaveProfileModel.xmi 125' UmlPackage$Impl  ID: -64--88-0-101-1260ab42:1703af56478:-8000:00000000002208C9  MID: -64--88-0-101-1260ab42:1703af56478:-8000:00000000000002E7  OPCKG: -64--88-0-101-1260ab42:1703af56478:-8000:00000000002208C9 (XmiReaderImpl.java:172)
 INFO: Loading to extent 'file:/C:/Users/FISCHE~1/AppData/Local/Temp/org.argouml.profile.TestReaderModelLoader/testSaveProfileModel.xmi 126' UmlPackage$Impl  ID: -64--88-0-101-1260ab42:1703af56478:-8000:00000000002291DB  MID: -64--88-0-101-1260ab42:1703af56478:-8000:00000000000002E7  OPCKG: -64--88-0-101-1260ab42:1703af56478:-8000:00000000002291DB (XmiReaderImpl.java:172)
 INFO: Loading to extent 'file:/C:/Users/FISCHE~1/AppData/Local/Temp/org.argouml.profile.TestReaderModelLoader/testSaveProfileModel.xmi' UmlPackage$Impl  ID: -64--88-0-101-1bab2ba9:1703b3df59a:-8000:00000000000007B5  MID: -64--88-0-101-1bab2ba9:1703b3df59a:-8000:00000000000002E7  OPCKG: -64--88-0-101-1bab2ba9:1703b3df59a:-8000:00000000000007B5 (XmiReaderImpl.java:172)
 INFO: Setting snooze order to: Wed Feb 12 19:21:28 BRST 2020 (SnoozeOrder.java:152)
 INFO: Setting snooze order to: Wed Feb 12 19:31:28 BRST 2020 (SnoozeOrder.java:152)
 INFO: Loading to extent 'file:/C:/Users/FISCHE~1/AppData/Local/Temp/org.argouml.profile.TestReaderModelLoader/testSaveProfileModel.xmi 1' UmlPackage$Impl  ID: -64--88-0-101-1bab2ba9:1703b3df59a:-8000:0000000000000AFD  MID: -64--88-0-101-1bab2ba9:1703b3df59a:-8000:00000000000002E7  OPCKG: -64--88-0-101-1bab2ba9:1703b3df59a:-8000:0000000000000AFD (XmiReaderImpl.java:172)
 WARN: Either an already loaded profile is being re-read or a profile with the same publicId is being loaded! publicId = "http://argouml.org/user-profiles/testSaveProfileModel.xmi"; existing systemId = "file:/C:/Users/FISCHE~1/AppData/Local/Temp/org.argouml.profile.TestReaderModelLoader/testSaveProfileModel.xmi"; new systemId = "file:/C:/Users/FISCHE~1/AppData/Local/Temp/org.argouml.profile.TestReaderModelLoader/testSaveProfileModel.xmi". (XmiReferenceResolverImpl.java:156)
ERROR: Encountered deleted object during delete of UmlClass$Impl  ID: -64--88-0-101-1bab2ba9:1703b3df59a:-8000:0000000000000E9E  MID: (not available)  OPCKG: (not available) (UmlFactoryMDRImpl.java:963)
ERROR: Encountered deleted object during delete of UmlClass$Impl  ID: -64--88-0-101-1bab2ba9:1703b3df59a:-8000:0000000000000EA0  MID: (not available)  OPCKG: (not available) (UmlFactoryMDRImpl.java:963)
ERROR: Encountered deleted object during delete of UmlClass$Impl  ID: -64--88-0-101-1bab2ba9:1703b3df59a:-8000:0000000000000EA2  MID: (not available)  OPCKG: (not available) (UmlFactoryMDRImpl.java:963)
ERROR: Encountered deleted object during delete of UmlClass$Impl  ID: -64--88-0-101-1bab2ba9:1703b3df59a:-8000:0000000000000EA4  MID: (not available)  OPCKG: (not available) (UmlFactoryMDRImpl.java:963)
ERROR: Encountered deleted object during delete of UmlClass$Impl  ID: -64--88-0-101-1bab2ba9:1703b3df59a:-8000:0000000000000EA6  MID: (not available)  OPCKG: (not available) (UmlFactoryMDRImpl.java:963)
ERROR: Encountered deleted object during delete of UmlClass$Impl  ID: -64--88-0-101-1bab2ba9:1703b3df59a:-8000:0000000000000EA8  MID: (not available)  OPCKG: (not available) (UmlFactoryMDRImpl.java:963)
ERROR: Encountered deleted object during delete of UmlClass$Impl  ID: -64--88-0-101-1bab2ba9:1703b3df59a:-8000:0000000000000EAA  MID: (not available)  OPCKG: (not available) (UmlFactoryMDRImpl.java:963)
 INFO: Loading to extent 'file:/C:/Users/FISCHE~1/AppData/Local/Temp/org.argouml.profile.TestReaderModelLoader/testSaveProfileModel.xmi 2' UmlPackage$Impl  ID: -64--88-0-101-1bab2ba9:1703b3df59a:-8000:0000000000000F57  MID: -64--88-0-101-1bab2ba9:1703b3df59a:-8000:00000000000002E7  OPCKG: -64--88-0-101-1bab2ba9:1703b3df59a:-8000:0000000000000F57 (XmiReaderImpl.java:172)
 INFO: Setting snooze order to: Wed Feb 12 19:21:32 BRST 2020 (SnoozeOrder.java:152)
 INFO: Setting snooze order to: Wed Feb 12 19:31:32 BRST 2020 (SnoozeOrder.java:152)
 INFO: Loading to extent 'file:/C:/Users/FISCHE~1/AppData/Local/Temp/org.argouml.profile.TestReaderModelLoader/testSaveProfileModel.xmi 3' UmlPackage$Impl  ID: -64--88-0-101-1bab2ba9:1703b3df59a:-8000:00000000000014C3  MID: -64--88-0-101-1bab2ba9:1703b3df59a:-8000:00000000000002E7  OPCKG: -64--88-0-101-1bab2ba9:1703b3df59a:-8000:00000000000014C3 (XmiReaderImpl.java:172)
 WARN: Either an already loaded profile is being re-read or a profile with the same publicId is being loaded! publicId = "http://argouml.org/user-profiles/testSaveProfileModel.xmi"; existing systemId = "file:/C:/Users/FISCHE~1/AppData/Local/Temp/org.argouml.profile.TestReaderModelLoader/testSaveProfileModel.xmi"; new systemId = "file:/C:/Users/FISCHE~1/AppData/Local/Temp/org.argouml.profile.TestReaderModelLoader/testSaveProfileModel.xmi". (XmiReferenceResolverImpl.java:156)
ERROR: Encountered deleted object during delete of UmlClass$Impl  ID: -64--88-0-101-1bab2ba9:1703b3df59a:-8000:0000000000001A88  MID: (not available)  OPCKG: (not available) (UmlFactoryMDRImpl.java:963)
ERROR: Encountered deleted object during delete of UmlClass$Impl  ID: -64--88-0-101-1bab2ba9:1703b3df59a:-8000:0000000000001A8A  MID: (not available)  OPCKG: (not available) (UmlFactoryMDRImpl.java:963)
ERROR: Encountered deleted object during delete of UmlClass$Impl  ID: -64--88-0-101-1bab2ba9:1703b3df59a:-8000:0000000000001A8C  MID: (not available)  OPCKG: (not available) (UmlFactoryMDRImpl.java:963)
ERROR: Encountered deleted object during delete of UmlClass$Impl  ID: -64--88-0-101-1bab2ba9:1703b3df59a:-8000:0000000000001A8E  MID: (not available)  OPCKG: (not available) (UmlFactoryMDRImpl.java:963)
ERROR: Encountered deleted object during delete of UmlClass$Impl  ID: -64--88-0-101-1bab2ba9:1703b3df59a:-8000:0000000000001A90  MID: (not available)  OPCKG: (not available) (UmlFactoryMDRImpl.java:963)
ERROR: Encountered deleted object during delete of UmlClass$Impl  ID: -64--88-0-101-1bab2ba9:1703b3df59a:-8000:0000000000001A92  MID: (not available)  OPCKG: (not available) (UmlFactoryMDRImpl.java:963)
ERROR: Encountered deleted object during delete of UmlClass$Impl  ID: -64--88-0-101-1bab2ba9:1703b3df59a:-8000:0000000000001A94  MID: (not available)  OPCKG: (not available) (UmlFactoryMDRImpl.java:963)
 INFO: Setting snooze order to: Wed Feb 12 19:21:33 BRST 2020 (SnoozeOrder.java:152)
 INFO: Setting snooze order to: Wed Feb 12 19:31:33 BRST 2020 (SnoozeOrder.java:152)
 INFO: Loading to extent 'file:/C:/Users/FISCHE~1/AppData/Local/Temp/org.argouml.profile.TestReaderModelLoader/testSaveProfileModel.xmi 4' UmlPackage$Impl  ID: -64--88-0-101-1bab2ba9:1703b3df59a:-8000:0000000000001B41  MID: -64--88-0-101-1bab2ba9:1703b3df59a:-8000:00000000000002E7  OPCKG: -64--88-0-101-1bab2ba9:1703b3df59a:-8000:0000000000001B41 (XmiReaderImpl.java:172)
 WARN: Either an already loaded profile is being re-read or a profile with the same publicId is being loaded! publicId = "http://argouml.org/user-profiles/testSaveProfileModel.xmi"; existing systemId = "file:/C:/Users/FISCHE~1/AppData/Local/Temp/org.argouml.profile.TestReaderModelLoader/testSaveProfileModel.xmi"; new systemId = "file:/C:/Users/FISCHE~1/AppData/Local/Temp/org.argouml.profile.TestReaderModelLoader/testSaveProfileModel.xmi". (XmiReferenceResolverImpl.java:156)
ERROR: Encountered deleted object during delete of UmlClass$Impl  ID: -64--88-0-101-1bab2ba9:1703b3df59a:-8000:0000000000002218  MID: (not available)  OPCKG: (not available) (UmlFactoryMDRImpl.java:963)
ERROR: Encountered deleted object during delete of UmlClass$Impl  ID: -64--88-0-101-1bab2ba9:1703b3df59a:-8000:000000000000221A  MID: (not available)  OPCKG: (not available) (UmlFactoryMDRImpl.java:963)
ERROR: Encountered deleted object during delete of UmlClass$Impl  ID: -64--88-0-101-1bab2ba9:1703b3df59a:-8000:000000000000221C  MID: (not available)  OPCKG: (not available) (UmlFactoryMDRImpl.java:963)
ERROR: Encountered deleted object during delete of UmlClass$Impl  ID: -64--88-0-101-1bab2ba9:1703b3df59a:-8000:000000000000221E  MID: (not available)  OPCKG: (not available) (UmlFactoryMDRImpl.java:963)
ERROR: Encountered deleted object during delete of UmlClass$Impl  ID: -64--88-0-101-1bab2ba9:1703b3df59a:-8000:0000000000002220  MID: (not available)  OPCKG: (not available) (UmlFactoryMDRImpl.java:963)
ERROR: Encountered deleted object during delete of UmlClass$Impl  ID: -64--88-0-101-1bab2ba9:1703b3df59a:-8000:0000000000002222  MID: (not available)  OPCKG: (not available) (UmlFactoryMDRImpl.java:963)
ERROR: Encountered deleted object during delete of UmlClass$Impl  ID: -64--88-0-101-1bab2ba9:1703b3df59a:-8000:0000000000002224  MID: (not available)  OPCKG: (not available) (UmlFactoryMDRImpl.java:963)
 INFO: Loading to extent 'file:/C:/Users/FISCHE~1/AppData/Local/Temp/org.argouml.profile.TestReaderModelLoader/testSaveProfileModel.xmi 5' UmlPackage$Impl  ID: -64--88-0-101-1bab2ba9:1703b3df59a:-8000:00000000000022D1  MID: -64--88-0-101-1bab2ba9:1703b3df59a:-8000:00000000000002E7  OPCKG: -64--88-0-101-1bab2ba9:1703b3df59a:-8000:00000000000022D1 (XmiReaderImpl.java:172)
 INFO: Loading to extent 'file:/C:/Users/FISCHE~1/AppData/Local/Temp/org.argouml.profile.TestReaderModelLoader/testSaveProfileModel.xmi 6' UmlPackage$Impl  ID: -64--88-0-101-1bab2ba9:1703b3df59a:-8000:0000000000002B73  MID: -64--88-0-101-1bab2ba9:1703b3df59a:-8000:00000000000002E7  OPCKG: -64--88-0-101-1bab2ba9:1703b3df59a:-8000:0000000000002B73 (XmiReaderImpl.java:172)
 INFO: Loading to extent 'file:/C:/Users/FISCHE~1/AppData/Local/Temp/org.argouml.profile.TestReaderModelLoader/testSaveProfileModel.xmi' UmlPackage$Impl  ID: -64--88-0-101-6a70ea19:1703b51d8f9:-8000:00000000000007B5  MID: -64--88-0-101-6a70ea19:1703b51d8f9:-8000:00000000000002E7  OPCKG: -64--88-0-101-6a70ea19:1703b51d8f9:-8000:00000000000007B5 (XmiReaderImpl.java:172)
 INFO: Setting snooze order to: Wed Feb 12 19:43:12 BRST 2020 (SnoozeOrder.java:152)
 INFO: Setting snooze order to: Wed Feb 12 19:53:12 BRST 2020 (SnoozeOrder.java:152)
 INFO: Loading to extent 'file:/C:/Users/FISCHE~1/AppData/Local/Temp/org.argouml.profile.TestReaderModelLoader/testSaveProfileModel.xmi 1' UmlPackage$Impl  ID: -64--88-0-101-6a70ea19:1703b51d8f9:-8000:0000000000000AFD  MID: -64--88-0-101-6a70ea19:1703b51d8f9:-8000:00000000000002E7  OPCKG: -64--88-0-101-6a70ea19:1703b51d8f9:-8000:0000000000000AFD (XmiReaderImpl.java:172)
 WARN: Either an already loaded profile is being re-read or a profile with the same publicId is being loaded! publicId = "http://argouml.org/user-profiles/testSaveProfileModel.xmi"; existing systemId = "file:/C:/Users/FISCHE~1/AppData/Local/Temp/org.argouml.profile.TestReaderModelLoader/testSaveProfileModel.xmi"; new systemId = "file:/C:/Users/FISCHE~1/AppData/Local/Temp/org.argouml.profile.TestReaderModelLoader/testSaveProfileModel.xmi". (XmiReferenceResolverImpl.java:156)
ERROR: Encountered deleted object during delete of UmlClass$Impl  ID: -64--88-0-101-6a70ea19:1703b51d8f9:-8000:0000000000000E9E  MID: (not available)  OPCKG: (not available) (UmlFactoryMDRImpl.java:963)
ERROR: Encountered deleted object during delete of UmlClass$Impl  ID: -64--88-0-101-6a70ea19:1703b51d8f9:-8000:0000000000000EA0  MID: (not available)  OPCKG: (not available) (UmlFactoryMDRImpl.java:963)
ERROR: Encountered deleted object during delete of UmlClass$Impl  ID: -64--88-0-101-6a70ea19:1703b51d8f9:-8000:0000000000000EA2  MID: (not available)  OPCKG: (not available) (UmlFactoryMDRImpl.java:963)
ERROR: Encountered deleted object during delete of UmlClass$Impl  ID: -64--88-0-101-6a70ea19:1703b51d8f9:-8000:0000000000000EA4  MID: (not available)  OPCKG: (not available) (UmlFactoryMDRImpl.java:963)
ERROR: Encountered deleted object during delete of UmlClass$Impl  ID: -64--88-0-101-6a70ea19:1703b51d8f9:-8000:0000000000000EA6  MID: (not available)  OPCKG: (not available) (UmlFactoryMDRImpl.java:963)
ERROR: Encountered deleted object during delete of UmlClass$Impl  ID: -64--88-0-101-6a70ea19:1703b51d8f9:-8000:0000000000000EA8  MID: (not available)  OPCKG: (not available) (UmlFactoryMDRImpl.java:963)
ERROR: Encountered deleted object during delete of UmlClass$Impl  ID: -64--88-0-101-6a70ea19:1703b51d8f9:-8000:0000000000000EAA  MID: (not available)  OPCKG: (not available) (UmlFactoryMDRImpl.java:963)
